<?xml version="1.0" encoding="UTF-8"?>
<testsuite name="PostRegister" tests="3" skipped="0" failures="0" errors="0" timestamp="2022-09-11T21:00:20" hostname="ZUP-6050" time="6.589">
  <properties/>
  <testcase name="registerSuccsessTest()" classname="PostRegister" time="3.356"/>
  <testcase name="registerUserNotFound()" classname="PostRegister" time="1.648"/>
  <testcase name="registerFailTest()" classname="PostRegister" time="1.584"/>
  <system-out><![CDATA[RODANDO TODOS OS TESTES
ANTES DE CADA TESTE, ME CHAME
HTTP/1.1 200 OK
Date: Sun, 11 Sep 2022 21:00:22 GMT
Content-Type: application/json; charset=utf-8
Content-Length: 29
Connection: keep-alive
X-Powered-By: Express
Access-Control-Allow-Origin: *
Etag: W/"1d-lGCrvD6B7Qzk11+2C98+nGhhuec"
Via: 1.1 vegur
CF-Cache-Status: DYNAMIC
Report-To: {"endpoints":[{"url":"https:\/\/a.nel.cloudflare.com\/report\/v3?s=cyfNbC5Ms1KSo0puryqO7IL3G3oOAMhxrfStHaNUNv5b4jYBEeKjj76goPyZOzqZH%2FMPMn%2FSOl97eBDeuA9pv9awqqa5164DtDg5f0dPhQrQc05D8OgBtFivcQ%3D%3D"}],"group":"cf-nel","max_age":604800}
NEL: {"success_fraction":0,"report_to":"cf-nel","max_age":604800}
Server: cloudflare
CF-RAY: 7493551bff819acc-MIA

{
    "token": "QpwL5tke4Pnpja7X4"
}
Request method:	POST
Request URI:	https://reqres.in/api/register
Proxy:			<none>
Request params:	<none>
Query params:	<none>
Form params:	<none>
Path params:	<none>
Headers:		Authorization=Bearer QpwL5tke4Pnpja7X4
				Accept=*/*
				Content-Type=application/json
Cookies:		<none>
Multiparts:		<none>
Body:
{
    "email": "eve.holt@reqres.in",
    "password": "pistol"
}
HTTP/1.1 200 OK
Date: Sun, 11 Sep 2022 21:00:23 GMT
Content-Type: application/json; charset=utf-8
Content-Length: 36
Connection: keep-alive
X-Powered-By: Express
Access-Control-Allow-Origin: *
Etag: W/"24-4iP0za1geN2he+ohu8F0FhCjLks"
Via: 1.1 vegur
CF-Cache-Status: DYNAMIC
Report-To: {"endpoints":[{"url":"https:\/\/a.nel.cloudflare.com\/report\/v3?s=niUYfv2qL4JU1AP6PhR%2Bu2mDQJ4QSA%2FJvZQt4ES%2FUUMMUcpG%2FA46AA4QUQKWxoAcqqFtFfnuNMF%2FYmNN5B92Iqkknkdf2yqmNsKkbLW6IOOndC3SKUmvkeaOnw%3D%3D"}],"group":"cf-nel","max_age":604800}
NEL: {"success_fraction":0,"report_to":"cf-nel","max_age":604800}
Server: cloudflare
CF-RAY: 749355247b4cdb11-MIA

{
    "id": 4,
    "token": "QpwL5tke4Pnpja7X4"
}
ANTES DE CADA TESTE, ME CHAME
HTTP/1.1 200 OK
Date: Sun, 11 Sep 2022 21:00:24 GMT
Content-Type: application/json; charset=utf-8
Content-Length: 29
Connection: keep-alive
X-Powered-By: Express
Access-Control-Allow-Origin: *
Etag: W/"1d-lGCrvD6B7Qzk11+2C98+nGhhuec"
Via: 1.1 vegur
CF-Cache-Status: DYNAMIC
Report-To: {"endpoints":[{"url":"https:\/\/a.nel.cloudflare.com\/report\/v3?s=Y%2B4pYAwkio5r%2BlfL1pwVkP5qa9YPRiE3G8mlsGVEynATkLwAgmfEXc4RF71fGtFFWvFIbnOH3%2Be6Fe%2FnT12K6VPzwkay7zOzsZavKvj9pQ9%2Fqpte%2BTEENjfu6A%3D%3D"}],"group":"cf-nel","max_age":604800}
NEL: {"success_fraction":0,"report_to":"cf-nel","max_age":604800}
Server: cloudflare
CF-RAY: 749355295f980981-MIA

{
    "token": "QpwL5tke4Pnpja7X4"
}
Request method:	POST
Request URI:	https://reqres.in/api/register
Proxy:			<none>
Request params:	<none>
Query params:	<none>
Form params:	<none>
Path params:	<none>
Headers:		Authorization=Bearer QpwL5tke4Pnpja7X4
				Accept=*/*
				Content-Type=application/json
Cookies:		<none>
Multiparts:		<none>
Body:
{
    "email": "teste@reqres.in",
    "password": "pistol"
}
HTTP/1.1 400 Bad Request
Date: Sun, 11 Sep 2022 21:00:25 GMT
Content-Type: application/json; charset=utf-8
Content-Length: 57
Connection: keep-alive
X-Powered-By: Express
Access-Control-Allow-Origin: *
Etag: W/"39-6jrJxn+7f+pQUhbPgNMst7tagpA"
Via: 1.1 vegur
CF-Cache-Status: DYNAMIC
Report-To: {"endpoints":[{"url":"https:\/\/a.nel.cloudflare.com\/report\/v3?s=EuuilS7PsxBETSp6UHArtVAQ02ZVJJOYsX0NXyimmlUqB7XAPZs57FrBebcZTRTyRgO978b6BSjYLaroL2IrBsLLOBRSiLUkAUPUl7wi29FQyLSVOJgfsQnYHg%3D%3D"}],"group":"cf-nel","max_age":604800}
NEL: {"success_fraction":0,"report_to":"cf-nel","max_age":604800}
Server: cloudflare
CF-RAY: 7493552edcdd02b6-MIA

{
    "error": "Note: Only defined users succeed registration"
}
ANTES DE CADA TESTE, ME CHAME
HTTP/1.1 200 OK
Date: Sun, 11 Sep 2022 21:00:25 GMT
Content-Type: application/json; charset=utf-8
Content-Length: 29
Connection: keep-alive
X-Powered-By: Express
Access-Control-Allow-Origin: *
Etag: W/"1d-lGCrvD6B7Qzk11+2C98+nGhhuec"
Via: 1.1 vegur
CF-Cache-Status: DYNAMIC
Report-To: {"endpoints":[{"url":"https:\/\/a.nel.cloudflare.com\/report\/v3?s=Fdw7RsAtuiKT4j5hXVDP4jNOEFRVSpHligprueRV0CWZRzx5L8uSVUXwUXSDXt6sSeJyIArJZYJ539n9hGBZ73Vs15hWCpQiBA2QvRiKL7BG6%2BRrFxLPyq930w%3D%3D"}],"group":"cf-nel","max_age":604800}
NEL: {"success_fraction":0,"report_to":"cf-nel","max_age":604800}
Server: cloudflare
CF-RAY: 74935533d82a370c-MIA

{
    "token": "QpwL5tke4Pnpja7X4"
}
Request method:	POST
Request URI:	https://reqres.in/api/register
Proxy:			<none>
Request params:	<none>
Query params:	<none>
Form params:	<none>
Path params:	<none>
Headers:		Authorization=Bearer QpwL5tke4Pnpja7X4
				Accept=*/*
				Content-Type=application/json
Cookies:		<none>
Multiparts:		<none>
Body:
{
    "email": "eve.holt@reqres.in",
    "password": "pistol"
}
HTTP/1.1 200 OK
Date: Sun, 11 Sep 2022 21:00:26 GMT
Content-Type: application/json; charset=utf-8
Content-Length: 36
Connection: keep-alive
X-Powered-By: Express
Access-Control-Allow-Origin: *
Etag: W/"24-4iP0za1geN2he+ohu8F0FhCjLks"
Via: 1.1 vegur
CF-Cache-Status: DYNAMIC
Report-To: {"endpoints":[{"url":"https:\/\/a.nel.cloudflare.com\/report\/v3?s=njmdOG4b5GgN7kIz3jzMOEBYbLXZHHa6bKdugl%2BvrW6hoyVQIo7NqAd%2FWuUlNkQnDVqMaN8%2F4uju4maHP1JljGa2zcUxQ3MrzFeGLfBbSX%2Fr%2BNsMmxPoEd3BPw%3D%3D"}],"group":"cf-nel","max_age":604800}
NEL: {"success_fraction":0,"report_to":"cf-nel","max_age":604800}
Server: cloudflare
CF-RAY: 74935538cc07b3e9-MIA

{
    "id": 4,
    "token": "QpwL5tke4Pnpja7X4"
}
]]></system-out>
  <system-err><![CDATA[]]></system-err>
</testsuite>
