<?xml version="1.0" encoding="UTF-8"?>
<testsuite name="PostRegister" tests="2" skipped="0" failures="0" errors="0" timestamp="2022-08-31T22:24:31" hostname="ZUP-6050" time="5.308">
  <properties/>
  <testcase name="registerUserNotFound()" classname="PostRegister" time="3.47"/>
  <testcase name="registerFailTest()" classname="PostRegister" time="1.838"/>
  <system-out><![CDATA[RODANDO TODOS OS TESTES
ANTES DE CADA TESTE, ME CHAME
HTTP/1.1 200 OK
Date: Wed, 31 Aug 2022 22:24:33 GMT
Content-Type: application/json; charset=utf-8
Content-Length: 29
Connection: keep-alive
X-Powered-By: Express
Access-Control-Allow-Origin: *
Etag: W/"1d-lGCrvD6B7Qzk11+2C98+nGhhuec"
Via: 1.1 vegur
CF-Cache-Status: DYNAMIC
Report-To: {"endpoints":[{"url":"https:\/\/a.nel.cloudflare.com\/report\/v3?s=uT1LeKdPREfPmzlJ2FTkSHpc4wSafCF7xfg9C4jjthqkutK1QiRDREQ1nZ1xpA%2BioQ1WwKjm1IEzugtUGxWkIwslTSOB6oYavs5sGfSC7KKf6m5RkbqE4dIsNg%3D%3D"}],"group":"cf-nel","max_age":604800}
NEL: {"success_fraction":0,"report_to":"cf-nel","max_age":604800}
Server: cloudflare
CF-RAY: 74392d4d6f859ab7-MIA

{
    "token": "QpwL5tke4Pnpja7X4"
}
Request method:	POST
Request URI:	https://reqres.in/api/register
Proxy:			<none>
Request params:	<none>
Query params:	<none>
Form params:	<none>
Path params:	<none>
Headers:		Authorization=Bearer QpwL5tke4Pnpja7X4
				Accept=*/*
				Content-Type=application/json
Cookies:		<none>
Multiparts:		<none>
Body:
{
    "email": "teste@reqres.in",
    "password": null
}
HTTP/1.1 400 Bad Request
Date: Wed, 31 Aug 2022 22:24:34 GMT
Content-Type: application/json; charset=utf-8
Content-Length: 28
Connection: keep-alive
X-Powered-By: Express
Access-Control-Allow-Origin: *
Etag: W/"1c-NmpazMScs9tOqR7eDEesn+pqC9Q"
Via: 1.1 vegur
CF-Cache-Status: DYNAMIC
Report-To: {"endpoints":[{"url":"https:\/\/a.nel.cloudflare.com\/report\/v3?s=5phksyEu3xeCa%2FfSB%2FHSGVKJIu9whNF0YEQ9MiHN11j%2F346nba9FL1SQAUUJVGS00Do37cNW7N3sqtZYR9y%2BnL1d%2BaMA164pwUQMijLEGcvx0a5Tv6W5iD%2F3yA%3D%3D"}],"group":"cf-nel","max_age":604800}
NEL: {"success_fraction":0,"report_to":"cf-nel","max_age":604800}
Server: cloudflare
CF-RAY: 74392d561b0021b5-MIA

{
    "error": "Missing password"
}
ANTES DE CADA TESTE, ME CHAME
HTTP/1.1 200 OK
Date: Wed, 31 Aug 2022 22:24:35 GMT
Content-Type: application/json; charset=utf-8
Content-Length: 29
Connection: keep-alive
X-Powered-By: Express
Access-Control-Allow-Origin: *
Etag: W/"1d-lGCrvD6B7Qzk11+2C98+nGhhuec"
Via: 1.1 vegur
CF-Cache-Status: DYNAMIC
Report-To: {"endpoints":[{"url":"https:\/\/a.nel.cloudflare.com\/report\/v3?s=BEQdCmGoTHeO5nDwepGOyYMYPKBjItYZnRN68XbchPDlGDFHDtF8BEI4DSp62dUwpQ04mloWgHAzHe45K1w8ShiZs2ul%2F1o48AR%2FFhb%2BdiQgGDOYf0gkdZKDAg%3D%3D"}],"group":"cf-nel","max_age":604800}
NEL: {"success_fraction":0,"report_to":"cf-nel","max_age":604800}
Server: cloudflare
CF-RAY: 74392d5c7ada0287-MIA

{
    "token": "QpwL5tke4Pnpja7X4"
}
Request method:	POST
Request URI:	https://reqres.in/api/register
Proxy:			<none>
Request params:	<none>
Query params:	<none>
Form params:	<none>
Path params:	<none>
Headers:		Authorization=Bearer QpwL5tke4Pnpja7X4
				Accept=*/*
				Content-Type=application/json
Cookies:		<none>
Multiparts:		<none>
Body:
{
    "email": "eve.holt@reqres.in",
    "password": null
}
HTTP/1.1 400 Bad Request
Date: Wed, 31 Aug 2022 22:24:36 GMT
Content-Type: application/json; charset=utf-8
Content-Length: 28
Connection: keep-alive
X-Powered-By: Express
Access-Control-Allow-Origin: *
Etag: W/"1c-NmpazMScs9tOqR7eDEesn+pqC9Q"
Via: 1.1 vegur
CF-Cache-Status: DYNAMIC
Report-To: {"endpoints":[{"url":"https:\/\/a.nel.cloudflare.com\/report\/v3?s=HvmLv3DMUFCUS6GCJq9wAAK1sMOTO2Ohsu6Vc7yihKr9J6uTNGbliXEri0XXSC%2F9tBv%2FZtRYzLNH8M9aAppN%2BbsKTSy2Kf8mq7%2BgCPRMP0YGyGYf%2Fw9l6J10iQ%3D%3D"}],"group":"cf-nel","max_age":604800}
NEL: {"success_fraction":0,"report_to":"cf-nel","max_age":604800}
Server: cloudflare
CF-RAY: 74392d61bce0227d-MIA

{
    "error": "Missing password"
}
]]></system-out>
  <system-err><![CDATA[]]></system-err>
</testsuite>
